[D: 2018-04-12 12:10:25,344] [P: INFO ] [C: ] [T: main] [L: sampleapp629.app629.SpringBootApp] - [M: Starting SpringBootApp on LIN22002397 with PID 6380 (D:\Devcon_release\2.3.1\Devon-dist_2.3.1\workspaces\main\app629\server\target\app629-server-bootified.war started by vapadwal in D:\Devcon_release\2.3.1\Devon-dist_2.3.1\workspaces\main\app629\server\target)]
[D: 2018-04-12 12:10:25,360] [P: DEBUG] [C: ] [T: main] [L: sampleapp629.app629.SpringBootApp] - [M: Running with Spring Boot v1.5.3.RELEASE, Spring v4.3.8.RELEASE]
[D: 2018-04-12 12:10:25,360] [P: INFO ] [C: ] [T: main] [L: sampleapp629.app629.SpringBootApp] - [M: No active profile set, falling back to default profiles: default]
[D: 2018-04-12 12:10:25,563] [P: INFO ] [C: ] [T: main] [L: org.springframework.boot.context.embedded.AnnotationConfigEmbeddedWebApplicationContext] - [M: Refreshing org.springframework.boot.context.embedded.AnnotationConfigEmbeddedWebApplicationContext@4bf558aa: startup date [Thu Apr 12 12:10:25 IST 2018]; root of context hierarchy]
[D: 2018-04-12 12:10:26,303] [P: DEBUG] [C: ] [T: background-preinit] [L: org.jboss.logging] - [M: Logging Provider: org.jboss.logging.Slf4jLoggerProvider found via system property]
[D: 2018-04-12 12:10:26,303] [P: INFO ] [C: ] [T: background-preinit] [L: org.hibernate.validator.internal.util.Version] - [M: HV000001: Hibernate Validator 5.3.5.Final]
[D: 2018-04-12 12:10:29,830] [P: INFO ] [C: ] [T: main] [L: org.springframework.beans.factory.xml.XmlBeanDefinitionReader] - [M: Loading XML bean definitions from class path resource [META-INF/cxf/cxf.xml]]
[D: 2018-04-12 12:10:31,360] [P: DEBUG] [C: ] [T: main] [L: org.apache.cxf.common.logging.LogUtils] - [M: Using org.apache.cxf.common.logging.Slf4jLogger for logging.]
[D: 2018-04-12 12:10:31,376] [P: INFO ] [C: ] [T: main] [L: org.springframework.beans.factory.annotation.AutowiredAnnotationBeanPostProcessor] - [M: JSR-330 'javax.inject.Inject' annotation found and supported for autowiring]
[D: 2018-04-12 12:10:32,319] [P: DEBUG] [C: ] [T: main] [L: org.apache.cxf.configuration.spring.ConfigurerImpl] - [M: Could not determine bean name for instance of class org.apache.cxf.ws.policy.PolicyAnnotationListener.]
[D: 2018-04-12 12:10:32,319] [P: DEBUG] [C: ] [T: main] [L: org.apache.cxf.configuration.spring.ConfigurerImpl] - [M: Could not determine bean name for instance of class org.apache.cxf.service.factory.FactoryBeanListenerManager.]
[D: 2018-04-12 12:10:32,335] [P: DEBUG] [C: ] [T: main] [L: org.apache.cxf.configuration.spring.ConfigurerImpl] - [M: Could not determine bean name for instance of class org.apache.cxf.ws.policy.PolicyEngineImpl.]
[D: 2018-04-12 12:10:32,351] [P: DEBUG] [C: ] [T: main] [L: org.apache.cxf.configuration.spring.ConfigurerImpl] - [M: Could not determine bean name for instance of class org.apache.cxf.ws.policy.PolicyDataEngineImpl.]
[D: 2018-04-12 12:10:32,351] [P: DEBUG] [C: ] [T: main] [L: org.apache.cxf.configuration.spring.ConfigurerImpl] - [M: Could not determine bean name for instance of class org.apache.cxf.bus.managers.CXFBusLifeCycleManager.]
[D: 2018-04-12 12:10:32,351] [P: DEBUG] [C: ] [T: main] [L: org.apache.cxf.configuration.spring.ConfigurerImpl] - [M: Could not determine bean name for instance of class org.apache.cxf.bus.managers.ServerRegistryImpl.]
[D: 2018-04-12 12:10:32,351] [P: INFO ] [C: ] [T: main] [L: org.springframework.context.support.PostProcessorRegistrationDelegate$BeanPostProcessorChecker] - [M: Bean 'cxf' of type [org.apache.cxf.bus.spring.SpringBus] is not eligible for getting processed by all BeanPostProcessors (for example: not eligible for auto-proxying)]
[D: 2018-04-12 12:10:32,366] [P: INFO ] [C: ] [T: main] [L: org.springframework.context.support.PostProcessorRegistrationDelegate$BeanPostProcessorChecker] - [M: Bean 'io.oasp.module.cxf.common.impl.server.soap.CxfServerSoapAutoConfiguration' of type [io.oasp.module.cxf.common.impl.server.soap.CxfServerSoapAutoConfiguration$$EnhancerBySpringCGLIB$$6aaf32df] is not eligible for getting processed by all BeanPostProcessors (for example: not eligible for auto-proxying)]
[D: 2018-04-12 12:10:32,413] [P: INFO ] [C: ] [T: main] [L: org.springframework.context.support.PostProcessorRegistrationDelegate$BeanPostProcessorChecker] - [M: Bean 'org.springframework.ws.config.annotation.DelegatingWsConfiguration' of type [org.springframework.ws.config.annotation.DelegatingWsConfiguration$$EnhancerBySpringCGLIB$$3cfad266] is not eligible for getting processed by all BeanPostProcessors (for example: not eligible for auto-proxying)]
[D: 2018-04-12 12:10:32,726] [P: INFO ] [C: ] [T: main] [L: org.springframework.ws.soap.addressing.server.AnnotationActionEndpointMapping] - [M: Supporting [WS-Addressing August 2004, WS-Addressing 1.0]]
[D: 2018-04-12 12:10:34,357] [P: INFO ] [C: ] [T: main] [L: org.springframework.boot.context.embedded.tomcat.TomcatEmbeddedServletContainer] - [M: Tomcat initialized with port(s): 8080 (http)]
[D: 2018-04-12 12:10:34,388] [P: INFO ] [C: ] [T: main] [L: org.apache.catalina.core.StandardService] - [M: Starting service Tomcat]
[D: 2018-04-12 12:10:34,404] [P: INFO ] [C: ] [T: main] [L: org.apache.catalina.core.StandardEngine] - [M: Starting Servlet Engine: Apache Tomcat/8.5.14]
[D: 2018-04-12 12:10:36,573] [P: INFO ] [C: ] [T: localhost-startStop-1] [L: org.apache.catalina.core.ContainerBase.[Tomcat].[localhost].[/]] - [M: Initializing Spring embedded WebApplicationContext]
[D: 2018-04-12 12:10:36,573] [P: INFO ] [C: ] [T: localhost-startStop-1] [L: org.springframework.web.context.ContextLoader] - [M: Root WebApplicationContext: initialization completed in 11010 ms]
[D: 2018-04-12 12:10:37,313] [P: INFO ] [C: ] [T: localhost-startStop-1] [L: org.springframework.boot.web.servlet.FilterRegistrationBean] - [M: Mapping filter: 'metricsFilter' to: [/*]]
[D: 2018-04-12 12:10:37,313] [P: INFO ] [C: ] [T: localhost-startStop-1] [L: org.springframework.boot.web.servlet.FilterRegistrationBean] - [M: Mapping filter: 'characterEncodingFilter' to: [/*]]
[D: 2018-04-12 12:10:37,313] [P: INFO ] [C: ] [T: localhost-startStop-1] [L: org.springframework.boot.web.servlet.FilterRegistrationBean] - [M: Mapping filter: 'hiddenHttpMethodFilter' to: [/*]]
[D: 2018-04-12 12:10:37,313] [P: INFO ] [C: ] [T: localhost-startStop-1] [L: org.springframework.boot.web.servlet.FilterRegistrationBean] - [M: Mapping filter: 'httpPutFormContentFilter' to: [/*]]
[D: 2018-04-12 12:10:37,313] [P: INFO ] [C: ] [T: localhost-startStop-1] [L: org.springframework.boot.web.servlet.FilterRegistrationBean] - [M: Mapping filter: 'requestContextFilter' to: [/*]]
[D: 2018-04-12 12:10:37,313] [P: INFO ] [C: ] [T: localhost-startStop-1] [L: org.springframework.boot.web.servlet.DelegatingFilterProxyRegistrationBean] - [M: Mapping filter: 'springSecurityFilterChain' to: [/*]]
[D: 2018-04-12 12:10:37,313] [P: INFO ] [C: ] [T: localhost-startStop-1] [L: org.springframework.boot.web.servlet.FilterRegistrationBean] - [M: Mapping filter: 'webRequestLoggingFilter' to: [/*]]
[D: 2018-04-12 12:10:37,313] [P: INFO ] [C: ] [T: localhost-startStop-1] [L: org.springframework.boot.web.servlet.FilterRegistrationBean] - [M: Mapping filter: 'performanceLogFilter' to urls: [/*]]
[D: 2018-04-12 12:10:37,313] [P: INFO ] [C: ] [T: localhost-startStop-1] [L: org.springframework.boot.web.servlet.FilterRegistrationBean] - [M: Mapping filter: 'diagnosticContextFilter' to urls: [/services/*]]
[D: 2018-04-12 12:10:37,313] [P: INFO ] [C: ] [T: localhost-startStop-1] [L: org.springframework.boot.web.servlet.FilterRegistrationBean] - [M: Filter characterEncodingFilter was not registered (possibly already registered?)]
[D: 2018-04-12 12:10:37,313] [P: INFO ] [C: ] [T: localhost-startStop-1] [L: org.springframework.boot.web.servlet.FilterRegistrationBean] - [M: Mapping filter: 'applicationContextIdFilter' to: [/*]]
[D: 2018-04-12 12:10:37,313] [P: INFO ] [C: ] [T: localhost-startStop-1] [L: org.springframework.boot.web.servlet.ServletRegistrationBean] - [M: Mapping servlet: 'dispatcherServlet' to [/]]
[D: 2018-04-12 12:10:37,313] [P: INFO ] [C: ] [T: localhost-startStop-1] [L: org.springframework.boot.web.servlet.ServletRegistrationBean] - [M: Mapping servlet: 'CXFServlet' to [/services/*]]
[D: 2018-04-12 12:10:37,406] [P: DEBUG] [C: ] [T: localhost-startStop-1] [L: io.oasp.module.logging.common.impl.DiagnosticContextFilter] - [M: Parameter correlationIdHeaderName not configured via filter config.]
[D: 2018-04-12 12:10:37,406] [P: INFO ] [C: ] [T: localhost-startStop-1] [L: io.oasp.module.logging.common.impl.DiagnosticContextFilter] - [M: Correlation ID header initialized to: X-Correlation-Id]
[D: 2018-04-12 12:10:37,951] [P: INFO ] [C: ] [T: main] [L: org.flywaydb.core.internal.util.VersionPrinter] - [M: Flyway 3.2.1 by Boxfuse]
[D: 2018-04-12 12:10:38,482] [P: INFO ] [C: ] [T: main] [L: org.flywaydb.core.internal.dbsupport.DbSupportFactory] - [M: Database: jdbc:h2:mem:testdb (H2 1.4)]
[D: 2018-04-12 12:10:38,811] [P: INFO ] [C: ] [T: main] [L: org.flywaydb.core.internal.command.DbValidate] - [M: Validated 4 migrations (execution time 00:00.188s)]
[D: 2018-04-12 12:10:38,857] [P: INFO ] [C: ] [T: main] [L: org.flywaydb.core.internal.metadatatable.MetaDataTableImpl] - [M: Creating Metadata table: "PUBLIC"."schema_version"]
[D: 2018-04-12 12:10:38,933] [P: INFO ] [C: ] [T: main] [L: org.flywaydb.core.internal.command.DbMigrate] - [M: Current version of schema "PUBLIC": << Empty Schema >>]
[D: 2018-04-12 12:10:38,933] [P: INFO ] [C: ] [T: main] [L: org.flywaydb.core.internal.command.DbMigrate] - [M: Migrating schema "PUBLIC" to version 0001 - Create Sequence]
[D: 2018-04-12 12:10:38,964] [P: INFO ] [C: ] [T: main] [L: org.flywaydb.core.internal.command.DbMigrate] - [M: Migrating schema "PUBLIC" to version 0002 - Create RevInfo]
[D: 2018-04-12 12:10:38,979] [P: INFO ] [C: ] [T: main] [L: org.flywaydb.core.internal.command.DbMigrate] - [M: Migrating schema "PUBLIC" to version 0003 - Create BinaryObject]
[D: 2018-04-12 12:10:39,011] [P: INFO ] [C: ] [T: main] [L: org.flywaydb.core.internal.command.DbMigrate] - [M: Migrating schema "PUBLIC" to version 0004 - Add blob data]
[D: 2018-04-12 12:10:39,105] [P: INFO ] [C: ] [T: main] [L: org.flywaydb.core.internal.command.DbMigrate] - [M: Successfully applied 4 migrations to schema "PUBLIC" (execution time 00:00.263s).]
[D: 2018-04-12 12:10:39,605] [P: INFO ] [C: ] [T: main] [L: org.springframework.orm.jpa.LocalContainerEntityManagerFactoryBean] - [M: Building JPA container EntityManagerFactory for persistence unit 'default']
[D: 2018-04-12 12:10:39,667] [P: INFO ] [C: ] [T: main] [L: org.hibernate.jpa.internal.util.LogHelper] - [M: HHH000204: Processing PersistenceUnitInfo [ | 	name: default | 	...]]
[D: 2018-04-12 12:10:40,198] [P: INFO ] [C: ] [T: main] [L: org.hibernate.Version] - [M: HHH000412: Hibernate Core {5.0.12.Final}]
[D: 2018-04-12 12:10:40,214] [P: INFO ] [C: ] [T: main] [L: org.hibernate.cfg.Environment] - [M: HHH000206: hibernate.properties not found]
[D: 2018-04-12 12:10:40,230] [P: INFO ] [C: ] [T: main] [L: org.hibernate.cfg.Environment] - [M: HHH000021: Bytecode provider name : javassist]
[D: 2018-04-12 12:10:40,708] [P: INFO ] [C: ] [T: main] [L: org.hibernate.annotations.common.Version] - [M: HCANN000001: Hibernate Commons Annotations {5.0.1.Final}]
[D: 2018-04-12 12:10:41,312] [P: INFO ] [C: ] [T: main] [L: org.hibernate.dialect.Dialect] - [M: HHH000400: Using dialect: org.hibernate.dialect.H2Dialect]
[D: 2018-04-12 12:10:41,437] [P: INFO ] [C: ] [T: main] [L: org.hibernate.envers.boot.internal.EnversServiceImpl] - [M: Envers integration enabled? : true]
[D: 2018-04-12 12:10:42,755] [P: INFO ] [C: ] [T: main] [L: org.hibernate.tool.hbm2ddl.SchemaValidator] - [M: HHH000229: Running schema validator]
[D: 2018-04-12 12:10:42,933] [P: INFO ] [C: ] [T: main] [L: org.springframework.orm.jpa.LocalContainerEntityManagerFactoryBean] - [M: Initialized JPA EntityManagerFactory for persistence unit 'default']
[D: 2018-04-12 12:10:43,199] [P: DEBUG] [C: ] [T: main] [L: io.oasp.module.security.common.impl.accesscontrol.AccessControlSchemaProviderImpl] - [M: Initializing.]
[D: 2018-04-12 12:10:43,621] [P: DEBUG] [C: ] [T: main] [L: io.oasp.module.security.common.impl.accesscontrol.AccessControlSchemaProviderImpl] - [M: Reading access control schema from class path resource [config/app/security/access-control-schema.xml]]
[D: 2018-04-12 12:10:43,652] [P: DEBUG] [C: ] [T: main] [L: io.oasp.module.security.common.impl.accesscontrol.AccessControlSchemaProviderImpl] - [M: Reading access control schema completed successfully.]
[D: 2018-04-12 12:10:43,652] [P: DEBUG] [C: ] [T: main] [L: io.oasp.module.security.common.base.accesscontrol.AbstractAccessControlProvider] - [M: Initializing.]
[D: 2018-04-12 12:10:43,652] [P: DEBUG] [C: ] [T: main] [L: io.oasp.module.security.common.base.accesscontrol.AbstractAccessControlProvider] - [M: Registered access control group ReadMasterData]
[D: 2018-04-12 12:10:44,423] [P: INFO ] [C: ] [T: main] [L: org.dozer.config.GlobalSettings] - [M: Trying to find Dozer configuration file: dozer.properties]
[D: 2018-04-12 12:10:44,439] [P: WARN ] [C: ] [T: main] [L: org.dozer.config.GlobalSettings] - [M: Dozer configuration file not found: dozer.properties.  Using defaults for all Dozer global properties.]
[D: 2018-04-12 12:10:44,455] [P: INFO ] [C: ] [T: main] [L: org.dozer.DozerInitializer] - [M: Initializing Dozer. Version: 5.5.0, Thread Name: main]
[D: 2018-04-12 12:10:44,455] [P: INFO ] [C: ] [T: main] [L: org.dozer.jmx.JMXPlatformImpl] - [M: Dozer JMX MBean [org.dozer.jmx:type=DozerStatisticsController] auto registered with the Platform MBean Server]
[D: 2018-04-12 12:10:44,470] [P: INFO ] [C: ] [T: main] [L: org.dozer.jmx.JMXPlatformImpl] - [M: Dozer JMX MBean [org.dozer.jmx:type=DozerAdminController] auto registered with the Platform MBean Server]
[D: 2018-04-12 12:10:44,470] [P: INFO ] [C: ] [T: main] [L: org.dozer.DozerBeanMapper] - [M: Initializing a new instance of dozer bean mapper.]
[D: 2018-04-12 12:10:45,367] [P: INFO ] [C: ] [T: main] [L: org.springframework.security.web.DefaultSecurityFilterChain] - [M: Creating filter chain: org.springframework.security.web.util.matcher.AnyRequestMatcher@1, [org.springframework.security.web.context.request.async.WebAsyncManagerIntegrationFilter@4da602fc, org.springframework.security.web.context.SecurityContextPersistenceFilter@7516e4e5, org.springframework.security.web.header.HeaderWriterFilter@62452cc9, org.springframework.security.web.csrf.CsrfFilter@3f0846c6, org.springframework.security.web.authentication.logout.LogoutFilter@2a8d39c4, org.springframework.security.web.authentication.logout.LogoutFilter@3dd1dc90, org.springframework.security.web.authentication.UsernamePasswordAuthenticationFilter@7b8233cd, org.springframework.security.web.authentication.ui.DefaultLoginPageGeneratingFilter@320de594, io.oasp.module.security.common.impl.rest.JsonUsernamePasswordAuthenticationFilter@25b2cfcb, org.springframework.security.web.savedrequest.RequestCacheAwareFilter@5e81e5ac, org.springframework.security.web.servletapi.SecurityContextHolderAwareRequestFilter@3e7634b9, org.springframework.security.web.authentication.AnonymousAuthenticationFilter@72758afa, org.springframework.security.web.session.SessionManagementFilter@5a7005d, org.springframework.security.web.access.ExceptionTranslationFilter@3e10dc6, org.springframework.security.web.access.intercept.FilterSecurityInterceptor@3b7ff809]]
[D: 2018-04-12 12:10:45,398] [P: INFO ] [C: ] [T: main] [L: org.springframework.security.web.DefaultSecurityFilterChain] - [M: Creating filter chain: org.springframework.boot.actuate.autoconfigure.ManagementWebSecurityAutoConfiguration$LazyEndpointPathRequestMatcher@5c8eee0f, [org.springframework.security.web.context.request.async.WebAsyncManagerIntegrationFilter@565b064f, org.springframework.security.web.context.SecurityContextPersistenceFilter@6eeade6c, org.springframework.security.web.header.HeaderWriterFilter@60641ec8, org.springframework.security.web.authentication.logout.LogoutFilter@4d18aa28, org.springframework.security.web.authentication.www.BasicAuthenticationFilter@52045dbe, org.springframework.security.web.savedrequest.RequestCacheAwareFilter@4a891c97, org.springframework.security.web.servletapi.SecurityContextHolderAwareRequestFilter@a5bd950, org.springframework.security.web.authentication.AnonymousAuthenticationFilter@26425897, org.springframework.security.web.session.SessionManagementFilter@75f65e45, org.springframework.security.web.access.ExceptionTranslationFilter@3382f8ae, org.springframework.security.web.access.intercept.FilterSecurityInterceptor@6cfcd46d]]
[D: 2018-04-12 12:10:45,632] [P: INFO ] [C: ] [T: main] [L: org.springframework.web.servlet.mvc.method.annotation.RequestMappingHandlerAdapter] - [M: Looking for @ControllerAdvice: org.springframework.boot.context.embedded.AnnotationConfigEmbeddedWebApplicationContext@4bf558aa: startup date [Thu Apr 12 12:10:25 IST 2018]; root of context hierarchy]
[D: 2018-04-12 12:10:45,914] [P: INFO ] [C: ] [T: main] [L: org.springframework.web.servlet.mvc.method.annotation.RequestMappingHandlerMapping] - [M: Mapped "{[/login**],methods=[GET]}" onto public org.springframework.web.servlet.ModelAndView sampleapp629.app629.general.service.impl.LoginController.login(boolean,boolean,boolean,boolean)]
[D: 2018-04-12 12:10:45,929] [P: INFO ] [C: ] [T: main] [L: org.springframework.web.servlet.mvc.method.annotation.RequestMappingHandlerMapping] - [M: Mapped "{[/error]}" onto public org.springframework.http.ResponseEntity<java.util.Map<java.lang.String, java.lang.Object>> org.springframework.boot.autoconfigure.web.BasicErrorController.error(javax.servlet.http.HttpServletRequest)]
[D: 2018-04-12 12:10:45,945] [P: INFO ] [C: ] [T: main] [L: org.springframework.web.servlet.mvc.method.annotation.RequestMappingHandlerMapping] - [M: Mapped "{[/error],produces=[text/html]}" onto public org.springframework.web.servlet.ModelAndView org.springframework.boot.autoconfigure.web.BasicErrorController.errorHtml(javax.servlet.http.HttpServletRequest,javax.servlet.http.HttpServletResponse)]
[D: 2018-04-12 12:10:46,054] [P: INFO ] [C: ] [T: main] [L: org.springframework.web.servlet.handler.SimpleUrlHandlerMapping] - [M: Mapped URL path [/webjars/**] onto handler of type [class org.springframework.web.servlet.resource.ResourceHttpRequestHandler]]
[D: 2018-04-12 12:10:46,070] [P: INFO ] [C: ] [T: main] [L: org.springframework.web.servlet.handler.SimpleUrlHandlerMapping] - [M: Mapped URL path [/**] onto handler of type [class org.springframework.web.servlet.resource.ResourceHttpRequestHandler]]
[D: 2018-04-12 12:10:46,242] [P: INFO ] [C: ] [T: main] [L: org.springframework.web.servlet.handler.SimpleUrlHandlerMapping] - [M: Mapped URL path [/**/favicon.ico] onto handler of type [class org.springframework.web.servlet.resource.ResourceHttpRequestHandler]]
[D: 2018-04-12 12:10:46,367] [P: INFO ] [C: ] [T: main] [L: org.springframework.boot.autoconfigure.web.WebMvcAutoConfiguration$WelcomePageHandlerMapping] - [M: Adding welcome page: class path resource [static/index.html]]
[D: 2018-04-12 12:10:46,867] [P: DEBUG] [C: ] [T: main] [L: org.apache.cxf.configuration.spring.ConfigurerImpl] - [M: Could not determine bean name for instance of class org.apache.cxf.binding.soap.SoapBindingFactory.]
[D: 2018-04-12 12:10:46,882] [P: DEBUG] [C: ] [T: main] [L: org.apache.cxf.configuration.spring.ConfigurerImpl] - [M: Could not determine bean name for instance of class org.apache.cxf.binding.xml.XMLBindingFactory.]
[D: 2018-04-12 12:10:47,054] [P: DEBUG] [C: ] [T: main] [L: org.apache.cxf.jaxrs.utils.ResourceUtils] - [M: sampleapp629.app629.general.service.impl.rest.SecurityRestServiceImpl#setCsrfTokenRepository method is not a valid JAX-RS method as it has no Path and HttpMethod annotations]
[D: 2018-04-12 12:10:47,070] [P: DEBUG] [C: ] [T: main] [L: org.apache.cxf.jaxrs.utils.ResourceUtils] - [M: java.lang.Object#wait method is not a valid JAX-RS method as it has no Path and HttpMethod annotations]
[D: 2018-04-12 12:10:47,086] [P: DEBUG] [C: ] [T: main] [L: org.apache.cxf.jaxrs.utils.ResourceUtils] - [M: java.lang.Object#wait method is not a valid JAX-RS method as it has no Path and HttpMethod annotations]
[D: 2018-04-12 12:10:47,101] [P: DEBUG] [C: ] [T: main] [L: org.apache.cxf.jaxrs.utils.ResourceUtils] - [M: java.lang.Object#wait method is not a valid JAX-RS method as it has no Path and HttpMethod annotations]
[D: 2018-04-12 12:10:47,101] [P: DEBUG] [C: ] [T: main] [L: org.apache.cxf.jaxrs.utils.ResourceUtils] - [M: java.lang.Object#equals method is not a valid JAX-RS method as it has no Path and HttpMethod annotations]
[D: 2018-04-12 12:10:47,117] [P: DEBUG] [C: ] [T: main] [L: org.apache.cxf.jaxrs.utils.ResourceUtils] - [M: java.lang.Object#toString method is not a valid JAX-RS method as it has no Path and HttpMethod annotations]
[D: 2018-04-12 12:10:47,117] [P: DEBUG] [C: ] [T: main] [L: org.apache.cxf.jaxrs.utils.ResourceUtils] - [M: java.lang.Object#hashCode method is not a valid JAX-RS method as it has no Path and HttpMethod annotations]
[D: 2018-04-12 12:10:47,148] [P: DEBUG] [C: ] [T: main] [L: org.apache.cxf.jaxrs.utils.ResourceUtils] - [M: java.lang.Object#getClass method is not a valid JAX-RS method as it has no Path and HttpMethod annotations]
[D: 2018-04-12 12:10:47,148] [P: DEBUG] [C: ] [T: main] [L: org.apache.cxf.jaxrs.utils.ResourceUtils] - [M: java.lang.Object#notify method is not a valid JAX-RS method as it has no Path and HttpMethod annotations]
[D: 2018-04-12 12:10:47,164] [P: DEBUG] [C: ] [T: main] [L: org.apache.cxf.jaxrs.utils.ResourceUtils] - [M: java.lang.Object#notifyAll method is not a valid JAX-RS method as it has no Path and HttpMethod annotations]
[D: 2018-04-12 12:10:47,273] [P: DEBUG] [C: ] [T: main] [L: org.apache.cxf.configuration.spring.ConfigurerImpl] - [M: Could not determine bean name for instance of class org.apache.cxf.transport.http.HTTPTransportFactory.]
[D: 2018-04-12 12:10:47,273] [P: DEBUG] [C: ] [T: main] [L: org.apache.cxf.configuration.spring.ConfigurerImpl] - [M: Could not determine bean name for instance of class org.apache.cxf.binding.soap.SoapTransportFactory.]
[D: 2018-04-12 12:10:47,461] [P: DEBUG] [C: ] [T: main] [L: org.apache.cxf.configuration.spring.ConfigurerImpl] - [M: Could not find a definition for bean with id {http://rest.impl.service.general.app629.sampleapp629/}SecurityRestServiceImpl.http-destination - no injection will be performed.]
[D: 2018-04-12 12:10:47,552] [P: INFO ] [C: ] [T: main] [L: org.apache.cxf.endpoint.ServerImpl] - [M: Setting the server's publish address to be /rest]
[D: 2018-04-12 12:10:47,583] [P: DEBUG] [C: ] [T: main] [L: org.apache.cxf.configuration.spring.ConfigurerImpl] - [M: Could not determine bean name for instance of class org.apache.cxf.bus.managers.ServerLifeCycleManagerImpl.]
[D: 2018-04-12 12:10:47,771] [P: DEBUG] [C: ] [T: main] [L: org.apache.cxf.jaxrs.model.AbstractResourceInfo] - [M: Injecting a custom context org.apache.cxf.jaxrs.ext.MessageContext, ContextProvider is required for this type]
[D: 2018-04-12 12:10:47,802] [P: DEBUG] [C: ] [T: main] [L: org.apache.cxf.jaxrs.model.AbstractResourceInfo] - [M: Injecting a custom context org.apache.cxf.jaxrs.ext.MessageContext, ContextProvider is required for this type]
[D: 2018-04-12 12:10:47,833] [P: DEBUG] [C: ] [T: main] [L: org.apache.cxf.jaxrs.model.AbstractResourceInfo] - [M: Injecting a custom context org.apache.cxf.jaxrs.ext.MessageContext, ContextProvider is required for this type]
[D: 2018-04-12 12:10:47,849] [P: DEBUG] [C: ] [T: main] [L: org.apache.cxf.jaxrs.model.AbstractResourceInfo] - [M: Injecting a custom context org.apache.cxf.jaxrs.ext.MessageContext, ContextProvider is required for this type]
[D: 2018-04-12 12:10:47,864] [P: DEBUG] [C: ] [T: main] [L: org.apache.cxf.jaxrs.model.AbstractResourceInfo] - [M: Injecting a custom context org.apache.cxf.jaxrs.ext.MessageContext, ContextProvider is required for this type]
[D: 2018-04-12 12:10:47,864] [P: DEBUG] [C: ] [T: main] [L: org.apache.cxf.jaxrs.model.AbstractResourceInfo] - [M: Injecting a custom context org.apache.cxf.jaxrs.ext.MessageContext, ContextProvider is required for this type]
[D: 2018-04-12 12:10:47,911] [P: DEBUG] [C: ] [T: main] [L: org.apache.cxf.jaxrs.provider.ProviderFactory] - [M: Problem with creating the default provider org.apache.cxf.jaxrs.provider.json.JSONProvider: org.apache.cxf.jaxrs.provider.json.JSONProvider]
[D: 2018-04-12 12:10:47,943] [P: DEBUG] [C: ] [T: main] [L: org.apache.cxf.endpoint.ServerImpl] - [M: Server is starting.]
[D: 2018-04-12 12:10:47,958] [P: DEBUG] [C: ] [T: main] [L: org.apache.cxf.transport.servlet.ServletDestination] - [M: registering incoming observer: org.apache.cxf.transport.ChainInitiationObserver@533377b]
[D: 2018-04-12 12:10:47,958] [P: DEBUG] [C: ] [T: main] [L: org.apache.cxf.endpoint.ServerImpl] - [M: register the server to serverRegistry ]
[D: 2018-04-12 12:10:48,208] [P: INFO ] [C: ] [T: main] [L: io.oasp.module.cxf.common.impl.server.soap.CxfServerSoapAutoConfiguration] - [M: No SOAP Services have been found. SOAP Endpoint will not be enabled in CXF.]
[D: 2018-04-12 12:10:49,490] [P: INFO ] [C: ] [T: main] [L: org.springframework.boot.actuate.endpoint.mvc.EndpointHandlerMapping] - [M: Mapped "{[/info  |  |  /info.json],methods=[GET],produces=[application/vnd.spring-boot.actuator.v1+json  |  |  application/json]}" onto public java.lang.Object org.springframework.boot.actuate.endpoint.mvc.EndpointMvcAdapter.invoke()]
[D: 2018-04-12 12:10:49,521] [P: INFO ] [C: ] [T: main] [L: org.springframework.boot.actuate.endpoint.mvc.EndpointHandlerMapping] - [M: Mapped "{[/trace  |  |  /trace.json],methods=[GET],produces=[application/vnd.spring-boot.actuator.v1+json  |  |  application/json]}" onto public java.lang.Object org.springframework.boot.actuate.endpoint.mvc.EndpointMvcAdapter.invoke()]
[D: 2018-04-12 12:10:49,552] [P: INFO ] [C: ] [T: main] [L: org.springframework.boot.actuate.endpoint.mvc.EndpointHandlerMapping] - [M: Mapped "{[/autoconfig  |  |  /autoconfig.json],methods=[GET],produces=[application/vnd.spring-boot.actuator.v1+json  |  |  application/json]}" onto public java.lang.Object org.springframework.boot.actuate.endpoint.mvc.EndpointMvcAdapter.invoke()]
[D: 2018-04-12 12:10:49,568] [P: INFO ] [C: ] [T: main] [L: org.springframework.boot.actuate.endpoint.mvc.EndpointHandlerMapping] - [M: Mapped "{[/mappings  |  |  /mappings.json],methods=[GET],produces=[application/vnd.spring-boot.actuator.v1+json  |  |  application/json]}" onto public java.lang.Object org.springframework.boot.actuate.endpoint.mvc.EndpointMvcAdapter.invoke()]
[D: 2018-04-12 12:10:49,599] [P: INFO ] [C: ] [T: main] [L: org.springframework.boot.actuate.endpoint.mvc.EndpointHandlerMapping] - [M: Mapped "{[/metrics/{name:.*}],methods=[GET],produces=[application/vnd.spring-boot.actuator.v1+json  |  |  application/json]}" onto public java.lang.Object org.springframework.boot.actuate.endpoint.mvc.MetricsMvcEndpoint.value(java.lang.String)]
[D: 2018-04-12 12:10:49,615] [P: INFO ] [C: ] [T: main] [L: org.springframework.boot.actuate.endpoint.mvc.EndpointHandlerMapping] - [M: Mapped "{[/metrics  |  |  /metrics.json],methods=[GET],produces=[application/vnd.spring-boot.actuator.v1+json  |  |  application/json]}" onto public java.lang.Object org.springframework.boot.actuate.endpoint.mvc.EndpointMvcAdapter.invoke()]
[D: 2018-04-12 12:10:49,646] [P: INFO ] [C: ] [T: main] [L: org.springframework.boot.actuate.endpoint.mvc.EndpointHandlerMapping] - [M: Mapped "{[/env/{name:.*}],methods=[GET],produces=[application/vnd.spring-boot.actuator.v1+json  |  |  application/json]}" onto public java.lang.Object org.springframework.boot.actuate.endpoint.mvc.EnvironmentMvcEndpoint.value(java.lang.String)]
[D: 2018-04-12 12:10:49,662] [P: INFO ] [C: ] [T: main] [L: org.springframework.boot.actuate.endpoint.mvc.EndpointHandlerMapping] - [M: Mapped "{[/env  |  |  /env.json],methods=[GET],produces=[application/vnd.spring-boot.actuator.v1+json  |  |  application/json]}" onto public java.lang.Object org.springframework.boot.actuate.endpoint.mvc.EndpointMvcAdapter.invoke()]
[D: 2018-04-12 12:10:49,693] [P: INFO ] [C: ] [T: main] [L: org.springframework.boot.actuate.endpoint.mvc.EndpointHandlerMapping] - [M: Mapped "{[/loggers/{name:.*}],methods=[GET],produces=[application/vnd.spring-boot.actuator.v1+json  |  |  application/json]}" onto public java.lang.Object org.springframework.boot.actuate.endpoint.mvc.LoggersMvcEndpoint.get(java.lang.String)]
[D: 2018-04-12 12:10:49,693] [P: INFO ] [C: ] [T: main] [L: org.springframework.boot.actuate.endpoint.mvc.EndpointHandlerMapping] - [M: Mapped "{[/loggers/{name:.*}],methods=[POST],consumes=[application/vnd.spring-boot.actuator.v1+json  |  |  application/json],produces=[application/vnd.spring-boot.actuator.v1+json  |  |  application/json]}" onto public java.lang.Object org.springframework.boot.actuate.endpoint.mvc.LoggersMvcEndpoint.set(java.lang.String,java.util.Map<java.lang.String, java.lang.String>)]
[D: 2018-04-12 12:10:49,724] [P: INFO ] [C: ] [T: main] [L: org.springframework.boot.actuate.endpoint.mvc.EndpointHandlerMapping] - [M: Mapped "{[/loggers  |  |  /loggers.json],methods=[GET],produces=[application/vnd.spring-boot.actuator.v1+json  |  |  application/json]}" onto public java.lang.Object org.springframework.boot.actuate.endpoint.mvc.EndpointMvcAdapter.invoke()]
[D: 2018-04-12 12:10:49,724] [P: INFO ] [C: ] [T: main] [L: org.springframework.boot.actuate.endpoint.mvc.EndpointHandlerMapping] - [M: Mapped "{[/beans  |  |  /beans.json],methods=[GET],produces=[application/vnd.spring-boot.actuator.v1+json  |  |  application/json]}" onto public java.lang.Object org.springframework.boot.actuate.endpoint.mvc.EndpointMvcAdapter.invoke()]
[D: 2018-04-12 12:10:49,724] [P: INFO ] [C: ] [T: main] [L: org.springframework.boot.actuate.endpoint.mvc.EndpointHandlerMapping] - [M: Mapped "{[/health  |  |  /health.json],methods=[GET],produces=[application/vnd.spring-boot.actuator.v1+json  |  |  application/json]}" onto public java.lang.Object org.springframework.boot.actuate.endpoint.mvc.HealthMvcEndpoint.invoke(javax.servlet.http.HttpServletRequest,java.security.Principal)]
[D: 2018-04-12 12:10:49,724] [P: INFO ] [C: ] [T: main] [L: org.springframework.boot.actuate.endpoint.mvc.EndpointHandlerMapping] - [M: Mapped "{[/dump  |  |  /dump.json],methods=[GET],produces=[application/vnd.spring-boot.actuator.v1+json  |  |  application/json]}" onto public java.lang.Object org.springframework.boot.actuate.endpoint.mvc.EndpointMvcAdapter.invoke()]
[D: 2018-04-12 12:10:49,776] [P: INFO ] [C: ] [T: main] [L: org.springframework.boot.actuate.endpoint.mvc.EndpointHandlerMapping] - [M: Mapped "{[/heapdump  |  |  /heapdump.json],methods=[GET],produces=[application/octet-stream]}" onto public void org.springframework.boot.actuate.endpoint.mvc.HeapdumpMvcEndpoint.invoke(boolean,javax.servlet.http.HttpServletRequest,javax.servlet.http.HttpServletResponse) throws java.io.IOException,javax.servlet.ServletException]
[D: 2018-04-12 12:10:49,778] [P: INFO ] [C: ] [T: main] [L: org.springframework.boot.actuate.endpoint.mvc.EndpointHandlerMapping] - [M: Mapped "{[/flyway  |  |  /flyway.json],methods=[GET],produces=[application/vnd.spring-boot.actuator.v1+json  |  |  application/json]}" onto public java.lang.Object org.springframework.boot.actuate.endpoint.mvc.EndpointMvcAdapter.invoke()]
[D: 2018-04-12 12:10:49,780] [P: INFO ] [C: ] [T: main] [L: org.springframework.boot.actuate.endpoint.mvc.EndpointHandlerMapping] - [M: Mapped "{[/configprops  |  |  /configprops.json],methods=[GET],produces=[application/vnd.spring-boot.actuator.v1+json  |  |  application/json]}" onto public java.lang.Object org.springframework.boot.actuate.endpoint.mvc.EndpointMvcAdapter.invoke()]
[D: 2018-04-12 12:10:49,787] [P: INFO ] [C: ] [T: main] [L: org.springframework.boot.actuate.endpoint.mvc.EndpointHandlerMapping] - [M: Mapped "{[/auditevents  |  |  /auditevents.json],methods=[GET],produces=[application/vnd.spring-boot.actuator.v1+json  |  |  application/json]}" onto public org.springframework.http.ResponseEntity<?> org.springframework.boot.actuate.endpoint.mvc.AuditEventsMvcEndpoint.findByPrincipalAndAfterAndType(java.lang.String,java.util.Date,java.lang.String)]
[D: 2018-04-12 12:10:50,265] [P: INFO ] [C: ] [T: main] [L: org.springframework.jmx.export.annotation.AnnotationMBeanExporter] - [M: Registering beans for JMX exposure on startup]
[D: 2018-04-12 12:10:50,282] [P: INFO ] [C: ] [T: main] [L: org.springframework.boot.actuate.endpoint.jmx.EndpointMBeanExporter] - [M: Registering beans for JMX exposure on startup]
[D: 2018-04-12 12:10:50,298] [P: INFO ] [C: ] [T: main] [L: org.springframework.context.support.DefaultLifecycleProcessor] - [M: Starting beans in phase 0]
[D: 2018-04-12 12:10:50,340] [P: INFO ] [C: ] [T: main] [L: org.springframework.boot.actuate.endpoint.jmx.EndpointMBeanExporter] - [M: Located managed bean 'auditEventsEndpoint': registering with JMX server as MBean [org.springframework.boot:type=Endpoint,name=auditEventsEndpoint]]
[D: 2018-04-12 12:10:50,432] [P: INFO ] [C: ] [T: main] [L: org.springframework.boot.actuate.endpoint.jmx.EndpointMBeanExporter] - [M: Located managed bean 'requestMappingEndpoint': registering with JMX server as MBean [org.springframework.boot:type=Endpoint,name=requestMappingEndpoint]]
[D: 2018-04-12 12:10:50,487] [P: INFO ] [C: ] [T: main] [L: org.springframework.boot.actuate.endpoint.jmx.EndpointMBeanExporter] - [M: Located managed bean 'flywayEndpoint': registering with JMX server as MBean [org.springframework.boot:type=Endpoint,name=flywayEndpoint]]
[D: 2018-04-12 12:10:50,531] [P: INFO ] [C: ] [T: main] [L: org.springframework.boot.actuate.endpoint.jmx.EndpointMBeanExporter] - [M: Located managed bean 'environmentEndpoint': registering with JMX server as MBean [org.springframework.boot:type=Endpoint,name=environmentEndpoint]]
[D: 2018-04-12 12:10:50,556] [P: INFO ] [C: ] [T: main] [L: org.springframework.boot.actuate.endpoint.jmx.EndpointMBeanExporter] - [M: Located managed bean 'healthEndpoint': registering with JMX server as MBean [org.springframework.boot:type=Endpoint,name=healthEndpoint]]
[D: 2018-04-12 12:10:50,570] [P: INFO ] [C: ] [T: main] [L: org.springframework.boot.actuate.endpoint.jmx.EndpointMBeanExporter] - [M: Located managed bean 'beansEndpoint': registering with JMX server as MBean [org.springframework.boot:type=Endpoint,name=beansEndpoint]]
[D: 2018-04-12 12:10:50,590] [P: INFO ] [C: ] [T: main] [L: org.springframework.boot.actuate.endpoint.jmx.EndpointMBeanExporter] - [M: Located managed bean 'infoEndpoint': registering with JMX server as MBean [org.springframework.boot:type=Endpoint,name=infoEndpoint]]
[D: 2018-04-12 12:10:50,604] [P: INFO ] [C: ] [T: main] [L: org.springframework.boot.actuate.endpoint.jmx.EndpointMBeanExporter] - [M: Located managed bean 'loggersEndpoint': registering with JMX server as MBean [org.springframework.boot:type=Endpoint,name=loggersEndpoint]]
[D: 2018-04-12 12:10:50,638] [P: INFO ] [C: ] [T: main] [L: org.springframework.boot.actuate.endpoint.jmx.EndpointMBeanExporter] - [M: Located managed bean 'metricsEndpoint': registering with JMX server as MBean [org.springframework.boot:type=Endpoint,name=metricsEndpoint]]
[D: 2018-04-12 12:10:50,657] [P: INFO ] [C: ] [T: main] [L: org.springframework.boot.actuate.endpoint.jmx.EndpointMBeanExporter] - [M: Located managed bean 'traceEndpoint': registering with JMX server as MBean [org.springframework.boot:type=Endpoint,name=traceEndpoint]]
[D: 2018-04-12 12:10:50,684] [P: INFO ] [C: ] [T: main] [L: org.springframework.boot.actuate.endpoint.jmx.EndpointMBeanExporter] - [M: Located managed bean 'dumpEndpoint': registering with JMX server as MBean [org.springframework.boot:type=Endpoint,name=dumpEndpoint]]
[D: 2018-04-12 12:10:50,702] [P: INFO ] [C: ] [T: main] [L: org.springframework.boot.actuate.endpoint.jmx.EndpointMBeanExporter] - [M: Located managed bean 'autoConfigurationReportEndpoint': registering with JMX server as MBean [org.springframework.boot:type=Endpoint,name=autoConfigurationReportEndpoint]]
[D: 2018-04-12 12:10:50,714] [P: INFO ] [C: ] [T: main] [L: org.springframework.boot.actuate.endpoint.jmx.EndpointMBeanExporter] - [M: Located managed bean 'configurationPropertiesReportEndpoint': registering with JMX server as MBean [org.springframework.boot:type=Endpoint,name=configurationPropertiesReportEndpoint]]
[D: 2018-04-12 12:10:50,779] [P: INFO ] [C: ] [T: main] [L: org.apache.coyote.http11.Http11NioProtocol] - [M: Initializing ProtocolHandler ["http-nio-8080"]]
[D: 2018-04-12 12:10:50,840] [P: INFO ] [C: ] [T: main] [L: org.apache.coyote.http11.Http11NioProtocol] - [M: Starting ProtocolHandler ["http-nio-8080"]]
[D: 2018-04-12 12:10:51,169] [P: INFO ] [C: ] [T: main] [L: org.apache.tomcat.util.net.NioSelectorPool] - [M: Using a shared selector for servlet write/read]
[D: 2018-04-12 12:10:51,231] [P: INFO ] [C: ] [T: main] [L: org.springframework.boot.context.embedded.tomcat.TomcatEmbeddedServletContainer] - [M: Tomcat started on port(s): 8080 (http)]
[D: 2018-04-12 12:10:51,247] [P: INFO ] [C: ] [T: main] [L: sampleapp629.app629.SpringBootApp] - [M: Started SpringBootApp in 26.957 seconds (JVM running for 29.247)]
[D: 2018-04-12 12:11:10,263] [P: INFO ] [C: ] [T: Thread-5] [L: org.springframework.boot.context.embedded.AnnotationConfigEmbeddedWebApplicationContext] - [M: Closing org.springframework.boot.context.embedded.AnnotationConfigEmbeddedWebApplicationContext@4bf558aa: startup date [Thu Apr 12 12:10:25 IST 2018]; root of context hierarchy]
[D: 2018-04-12 12:11:10,263] [P: DEBUG] [C: ] [T: Thread-5] [L: org.apache.cxf.endpoint.ServerImpl] - [M: Server is stopping.]
[D: 2018-04-12 12:11:10,263] [P: DEBUG] [C: ] [T: Thread-5] [L: org.apache.cxf.transport.servlet.ServletDestination] - [M: unregistering incoming observer: org.apache.cxf.transport.ChainInitiationObserver@533377b]
[D: 2018-04-12 12:11:10,279] [P: DEBUG] [C: ] [T: Thread-5] [L: org.apache.cxf.endpoint.ServerImpl] - [M: unregister the server to serverRegistry ]
[D: 2018-04-12 12:11:10,279] [P: INFO ] [C: ] [T: Thread-5] [L: org.springframework.context.support.DefaultLifecycleProcessor] - [M: Stopping beans in phase 0]
[D: 2018-04-12 12:11:10,294] [P: INFO ] [C: ] [T: Thread-5] [L: org.springframework.boot.actuate.endpoint.jmx.EndpointMBeanExporter] - [M: Unregistering JMX-exposed beans on shutdown]
[D: 2018-04-12 12:11:10,294] [P: INFO ] [C: ] [T: Thread-5] [L: org.springframework.boot.actuate.endpoint.jmx.EndpointMBeanExporter] - [M: Unregistering JMX-exposed beans]
[D: 2018-04-12 12:11:10,310] [P: INFO ] [C: ] [T: Thread-5] [L: org.springframework.jmx.export.annotation.AnnotationMBeanExporter] - [M: Unregistering JMX-exposed beans on shutdown]
[D: 2018-04-12 12:11:10,310] [P: INFO ] [C: ] [T: Thread-5] [L: org.springframework.orm.jpa.LocalContainerEntityManagerFactoryBean] - [M: Closing JPA EntityManagerFactory for persistence unit 'default']
[D: 2018-04-12 12:17:11,377] [P: INFO ] [C: ] [T: main] [L: sampleapp629.app629.SpringBootApp] - [M: Starting SpringBootApp on LIN22002397 with PID 18756 (D:\Devcon_release\2.3.1\Devon-dist_2.3.1\workspaces\main\app629\server\target\app629-server-bootified.jar started by vapadwal in D:\Devcon_release\2.3.1\Devon-dist_2.3.1\workspaces\main\app629\server\target)]
[D: 2018-04-12 12:17:11,392] [P: DEBUG] [C: ] [T: main] [L: sampleapp629.app629.SpringBootApp] - [M: Running with Spring Boot v1.5.3.RELEASE, Spring v4.3.8.RELEASE]
[D: 2018-04-12 12:17:11,392] [P: INFO ] [C: ] [T: main] [L: sampleapp629.app629.SpringBootApp] - [M: No active profile set, falling back to default profiles: default]
[D: 2018-04-12 12:17:11,580] [P: INFO ] [C: ] [T: main] [L: org.springframework.boot.context.embedded.AnnotationConfigEmbeddedWebApplicationContext] - [M: Refreshing org.springframework.boot.context.embedded.AnnotationConfigEmbeddedWebApplicationContext@4bf558aa: startup date [Thu Apr 12 12:17:11 IST 2018]; root of context hierarchy]
[D: 2018-04-12 12:17:12,297] [P: DEBUG] [C: ] [T: background-preinit] [L: org.jboss.logging] - [M: Logging Provider: org.jboss.logging.Slf4jLoggerProvider found via system property]
[D: 2018-04-12 12:17:12,313] [P: INFO ] [C: ] [T: background-preinit] [L: org.hibernate.validator.internal.util.Version] - [M: HV000001: Hibernate Validator 5.3.5.Final]
[D: 2018-04-12 12:17:15,784] [P: INFO ] [C: ] [T: main] [L: org.springframework.beans.factory.xml.XmlBeanDefinitionReader] - [M: Loading XML bean definitions from class path resource [META-INF/cxf/cxf.xml]]
[D: 2018-04-12 12:17:17,061] [P: DEBUG] [C: ] [T: main] [L: org.apache.cxf.common.logging.LogUtils] - [M: Using org.apache.cxf.common.logging.Slf4jLogger for logging.]
[D: 2018-04-12 12:17:17,076] [P: INFO ] [C: ] [T: main] [L: org.springframework.beans.factory.annotation.AutowiredAnnotationBeanPostProcessor] - [M: JSR-330 'javax.inject.Inject' annotation found and supported for autowiring]
[D: 2018-04-12 12:17:18,035] [P: DEBUG] [C: ] [T: main] [L: org.apache.cxf.configuration.spring.ConfigurerImpl] - [M: Could not determine bean name for instance of class org.apache.cxf.ws.policy.PolicyAnnotationListener.]
[D: 2018-04-12 12:17:18,035] [P: DEBUG] [C: ] [T: main] [L: org.apache.cxf.configuration.spring.ConfigurerImpl] - [M: Could not determine bean name for instance of class org.apache.cxf.service.factory.FactoryBeanListenerManager.]
[D: 2018-04-12 12:17:18,051] [P: DEBUG] [C: ] [T: main] [L: org.apache.cxf.configuration.spring.ConfigurerImpl] - [M: Could not determine bean name for instance of class org.apache.cxf.ws.policy.PolicyEngineImpl.]
[D: 2018-04-12 12:17:18,051] [P: DEBUG] [C: ] [T: main] [L: org.apache.cxf.configuration.spring.ConfigurerImpl] - [M: Could not determine bean name for instance of class org.apache.cxf.ws.policy.PolicyDataEngineImpl.]
[D: 2018-04-12 12:17:18,051] [P: DEBUG] [C: ] [T: main] [L: org.apache.cxf.configuration.spring.ConfigurerImpl] - [M: Could not determine bean name for instance of class org.apache.cxf.bus.managers.CXFBusLifeCycleManager.]
[D: 2018-04-12 12:17:18,066] [P: DEBUG] [C: ] [T: main] [L: org.apache.cxf.configuration.spring.ConfigurerImpl] - [M: Could not determine bean name for instance of class org.apache.cxf.bus.managers.ServerRegistryImpl.]
[D: 2018-04-12 12:17:18,066] [P: INFO ] [C: ] [T: main] [L: org.springframework.context.support.PostProcessorRegistrationDelegate$BeanPostProcessorChecker] - [M: Bean 'cxf' of type [org.apache.cxf.bus.spring.SpringBus] is not eligible for getting processed by all BeanPostProcessors (for example: not eligible for auto-proxying)]
[D: 2018-04-12 12:17:18,066] [P: INFO ] [C: ] [T: main] [L: org.springframework.context.support.PostProcessorRegistrationDelegate$BeanPostProcessorChecker] - [M: Bean 'io.oasp.module.cxf.common.impl.server.soap.CxfServerSoapAutoConfiguration' of type [io.oasp.module.cxf.common.impl.server.soap.CxfServerSoapAutoConfiguration$$EnhancerBySpringCGLIB$$6aaf32df] is not eligible for getting processed by all BeanPostProcessors (for example: not eligible for auto-proxying)]
[D: 2018-04-12 12:17:18,098] [P: INFO ] [C: ] [T: main] [L: org.springframework.context.support.PostProcessorRegistrationDelegate$BeanPostProcessorChecker] - [M: Bean 'org.springframework.ws.config.annotation.DelegatingWsConfiguration' of type [org.springframework.ws.config.annotation.DelegatingWsConfiguration$$EnhancerBySpringCGLIB$$3cfad266] is not eligible for getting processed by all BeanPostProcessors (for example: not eligible for auto-proxying)]
[D: 2018-04-12 12:17:18,207] [P: INFO ] [C: ] [T: main] [L: org.springframework.ws.soap.addressing.server.AnnotationActionEndpointMapping] - [M: Supporting [WS-Addressing August 2004, WS-Addressing 1.0]]
[D: 2018-04-12 12:17:19,260] [P: INFO ] [C: ] [T: main] [L: org.springframework.boot.context.embedded.tomcat.TomcatEmbeddedServletContainer] - [M: Tomcat initialized with port(s): 8080 (http)]
[D: 2018-04-12 12:17:19,291] [P: INFO ] [C: ] [T: main] [L: org.apache.catalina.core.StandardService] - [M: Starting service Tomcat]
[D: 2018-04-12 12:17:19,291] [P: INFO ] [C: ] [T: main] [L: org.apache.catalina.core.StandardEngine] - [M: Starting Servlet Engine: Apache Tomcat/8.5.14]
[D: 2018-04-12 12:17:19,525] [P: INFO ] [C: ] [T: localhost-startStop-1] [L: org.apache.catalina.core.ContainerBase.[Tomcat].[localhost].[/]] - [M: Initializing Spring embedded WebApplicationContext]
[D: 2018-04-12 12:17:19,541] [P: INFO ] [C: ] [T: localhost-startStop-1] [L: org.springframework.web.context.ContextLoader] - [M: Root WebApplicationContext: initialization completed in 7961 ms]
[D: 2018-04-12 12:17:20,400] [P: INFO ] [C: ] [T: localhost-startStop-1] [L: org.springframework.boot.web.servlet.FilterRegistrationBean] - [M: Mapping filter: 'metricsFilter' to: [/*]]
[D: 2018-04-12 12:17:20,400] [P: INFO ] [C: ] [T: localhost-startStop-1] [L: org.springframework.boot.web.servlet.FilterRegistrationBean] - [M: Mapping filter: 'characterEncodingFilter' to: [/*]]
[D: 2018-04-12 12:17:20,416] [P: INFO ] [C: ] [T: localhost-startStop-1] [L: org.springframework.boot.web.servlet.FilterRegistrationBean] - [M: Mapping filter: 'hiddenHttpMethodFilter' to: [/*]]
[D: 2018-04-12 12:17:20,416] [P: INFO ] [C: ] [T: localhost-startStop-1] [L: org.springframework.boot.web.servlet.FilterRegistrationBean] - [M: Mapping filter: 'httpPutFormContentFilter' to: [/*]]
[D: 2018-04-12 12:17:20,416] [P: INFO ] [C: ] [T: localhost-startStop-1] [L: org.springframework.boot.web.servlet.FilterRegistrationBean] - [M: Mapping filter: 'requestContextFilter' to: [/*]]
[D: 2018-04-12 12:17:20,416] [P: INFO ] [C: ] [T: localhost-startStop-1] [L: org.springframework.boot.web.servlet.DelegatingFilterProxyRegistrationBean] - [M: Mapping filter: 'springSecurityFilterChain' to: [/*]]
[D: 2018-04-12 12:17:20,416] [P: INFO ] [C: ] [T: localhost-startStop-1] [L: org.springframework.boot.web.servlet.FilterRegistrationBean] - [M: Mapping filter: 'webRequestLoggingFilter' to: [/*]]
[D: 2018-04-12 12:17:20,432] [P: INFO ] [C: ] [T: localhost-startStop-1] [L: org.springframework.boot.web.servlet.FilterRegistrationBean] - [M: Mapping filter: 'performanceLogFilter' to urls: [/*]]
[D: 2018-04-12 12:17:20,432] [P: INFO ] [C: ] [T: localhost-startStop-1] [L: org.springframework.boot.web.servlet.FilterRegistrationBean] - [M: Mapping filter: 'diagnosticContextFilter' to urls: [/services/*]]
[D: 2018-04-12 12:17:20,432] [P: INFO ] [C: ] [T: localhost-startStop-1] [L: org.springframework.boot.web.servlet.FilterRegistrationBean] - [M: Filter characterEncodingFilter was not registered (possibly already registered?)]
[D: 2018-04-12 12:17:20,447] [P: INFO ] [C: ] [T: localhost-startStop-1] [L: org.springframework.boot.web.servlet.FilterRegistrationBean] - [M: Mapping filter: 'applicationContextIdFilter' to: [/*]]
[D: 2018-04-12 12:17:20,447] [P: INFO ] [C: ] [T: localhost-startStop-1] [L: org.springframework.boot.web.servlet.ServletRegistrationBean] - [M: Mapping servlet: 'dispatcherServlet' to [/]]
[D: 2018-04-12 12:17:20,447] [P: INFO ] [C: ] [T: localhost-startStop-1] [L: org.springframework.boot.web.servlet.ServletRegistrationBean] - [M: Mapping servlet: 'CXFServlet' to [/services/*]]
[D: 2018-04-12 12:17:20,729] [P: DEBUG] [C: ] [T: localhost-startStop-1] [L: io.oasp.module.logging.common.impl.DiagnosticContextFilter] - [M: Parameter correlationIdHeaderName not configured via filter config.]
[D: 2018-04-12 12:17:20,729] [P: INFO ] [C: ] [T: localhost-startStop-1] [L: io.oasp.module.logging.common.impl.DiagnosticContextFilter] - [M: Correlation ID header initialized to: X-Correlation-Id]
[D: 2018-04-12 12:17:21,494] [P: INFO ] [C: ] [T: main] [L: org.flywaydb.core.internal.util.VersionPrinter] - [M: Flyway 3.2.1 by Boxfuse]
[D: 2018-04-12 12:17:22,401] [P: INFO ] [C: ] [T: main] [L: org.flywaydb.core.internal.dbsupport.DbSupportFactory] - [M: Database: jdbc:h2:mem:testdb (H2 1.4)]
[D: 2018-04-12 12:17:22,744] [P: INFO ] [C: ] [T: main] [L: org.flywaydb.core.internal.command.DbValidate] - [M: Validated 4 migrations (execution time 00:00.203s)]
[D: 2018-04-12 12:17:22,776] [P: INFO ] [C: ] [T: main] [L: org.flywaydb.core.internal.metadatatable.MetaDataTableImpl] - [M: Creating Metadata table: "PUBLIC"."schema_version"]
[D: 2018-04-12 12:17:22,838] [P: INFO ] [C: ] [T: main] [L: org.flywaydb.core.internal.command.DbMigrate] - [M: Current version of schema "PUBLIC": << Empty Schema >>]
[D: 2018-04-12 12:17:22,838] [P: INFO ] [C: ] [T: main] [L: org.flywaydb.core.internal.command.DbMigrate] - [M: Migrating schema "PUBLIC" to version 0001 - Create Sequence]
[D: 2018-04-12 12:17:22,869] [P: INFO ] [C: ] [T: main] [L: org.flywaydb.core.internal.command.DbMigrate] - [M: Migrating schema "PUBLIC" to version 0002 - Create RevInfo]
[D: 2018-04-12 12:17:22,903] [P: INFO ] [C: ] [T: main] [L: org.flywaydb.core.internal.command.DbMigrate] - [M: Migrating schema "PUBLIC" to version 0003 - Create BinaryObject]
[D: 2018-04-12 12:17:22,919] [P: INFO ] [C: ] [T: main] [L: org.flywaydb.core.internal.command.DbMigrate] - [M: Migrating schema "PUBLIC" to version 0004 - Add blob data]
[D: 2018-04-12 12:17:22,997] [P: INFO ] [C: ] [T: main] [L: org.flywaydb.core.internal.command.DbMigrate] - [M: Successfully applied 4 migrations to schema "PUBLIC" (execution time 00:00.221s).]
[D: 2018-04-12 12:17:23,387] [P: INFO ] [C: ] [T: main] [L: org.springframework.orm.jpa.LocalContainerEntityManagerFactoryBean] - [M: Building JPA container EntityManagerFactory for persistence unit 'default']
[D: 2018-04-12 12:17:23,434] [P: INFO ] [C: ] [T: main] [L: org.hibernate.jpa.internal.util.LogHelper] - [M: HHH000204: Processing PersistenceUnitInfo [ | 	name: default | 	...]]
[D: 2018-04-12 12:17:23,700] [P: INFO ] [C: ] [T: main] [L: org.hibernate.Version] - [M: HHH000412: Hibernate Core {5.0.12.Final}]
[D: 2018-04-12 12:17:23,716] [P: INFO ] [C: ] [T: main] [L: org.hibernate.cfg.Environment] - [M: HHH000206: hibernate.properties not found]
[D: 2018-04-12 12:17:23,716] [P: INFO ] [C: ] [T: main] [L: org.hibernate.cfg.Environment] - [M: HHH000021: Bytecode provider name : javassist]
[D: 2018-04-12 12:17:23,876] [P: INFO ] [C: ] [T: main] [L: org.hibernate.annotations.common.Version] - [M: HCANN000001: Hibernate Commons Annotations {5.0.1.Final}]
[D: 2018-04-12 12:17:24,408] [P: INFO ] [C: ] [T: main] [L: org.hibernate.dialect.Dialect] - [M: HHH000400: Using dialect: org.hibernate.dialect.H2Dialect]
[D: 2018-04-12 12:17:24,517] [P: INFO ] [C: ] [T: main] [L: org.hibernate.envers.boot.internal.EnversServiceImpl] - [M: Envers integration enabled? : true]
[D: 2018-04-12 12:17:25,784] [P: INFO ] [C: ] [T: main] [L: org.hibernate.tool.hbm2ddl.SchemaValidator] - [M: HHH000229: Running schema validator]
[D: 2018-04-12 12:17:25,962] [P: INFO ] [C: ] [T: main] [L: org.springframework.orm.jpa.LocalContainerEntityManagerFactoryBean] - [M: Initialized JPA EntityManagerFactory for persistence unit 'default']
[D: 2018-04-12 12:17:26,196] [P: DEBUG] [C: ] [T: main] [L: io.oasp.module.security.common.impl.accesscontrol.AccessControlSchemaProviderImpl] - [M: Initializing.]
[D: 2018-04-12 12:17:26,603] [P: DEBUG] [C: ] [T: main] [L: io.oasp.module.security.common.impl.accesscontrol.AccessControlSchemaProviderImpl] - [M: Reading access control schema from class path resource [config/app/security/access-control-schema.xml]]
[D: 2018-04-12 12:17:26,650] [P: DEBUG] [C: ] [T: main] [L: io.oasp.module.security.common.impl.accesscontrol.AccessControlSchemaProviderImpl] - [M: Reading access control schema completed successfully.]
[D: 2018-04-12 12:17:26,650] [P: DEBUG] [C: ] [T: main] [L: io.oasp.module.security.common.base.accesscontrol.AbstractAccessControlProvider] - [M: Initializing.]
[D: 2018-04-12 12:17:26,650] [P: DEBUG] [C: ] [T: main] [L: io.oasp.module.security.common.base.accesscontrol.AbstractAccessControlProvider] - [M: Registered access control group ReadMasterData]
[D: 2018-04-12 12:17:27,653] [P: INFO ] [C: ] [T: main] [L: org.dozer.config.GlobalSettings] - [M: Trying to find Dozer configuration file: dozer.properties]
[D: 2018-04-12 12:17:27,684] [P: WARN ] [C: ] [T: main] [L: org.dozer.config.GlobalSettings] - [M: Dozer configuration file not found: dozer.properties.  Using defaults for all Dozer global properties.]
[D: 2018-04-12 12:17:27,716] [P: INFO ] [C: ] [T: main] [L: org.dozer.DozerInitializer] - [M: Initializing Dozer. Version: 5.5.0, Thread Name: main]
[D: 2018-04-12 12:17:27,731] [P: INFO ] [C: ] [T: main] [L: org.dozer.jmx.JMXPlatformImpl] - [M: Dozer JMX MBean [org.dozer.jmx:type=DozerStatisticsController] auto registered with the Platform MBean Server]
[D: 2018-04-12 12:17:27,747] [P: INFO ] [C: ] [T: main] [L: org.dozer.jmx.JMXPlatformImpl] - [M: Dozer JMX MBean [org.dozer.jmx:type=DozerAdminController] auto registered with the Platform MBean Server]
[D: 2018-04-12 12:17:27,763] [P: INFO ] [C: ] [T: main] [L: org.dozer.DozerBeanMapper] - [M: Initializing a new instance of dozer bean mapper.]
[D: 2018-04-12 12:17:29,153] [P: INFO ] [C: ] [T: main] [L: org.springframework.security.web.DefaultSecurityFilterChain] - [M: Creating filter chain: org.springframework.security.web.util.matcher.AnyRequestMatcher@1, [org.springframework.security.web.context.request.async.WebAsyncManagerIntegrationFilter@4da602fc, org.springframework.security.web.context.SecurityContextPersistenceFilter@7516e4e5, org.springframework.security.web.header.HeaderWriterFilter@62452cc9, org.springframework.security.web.csrf.CsrfFilter@3f0846c6, org.springframework.security.web.authentication.logout.LogoutFilter@2a8d39c4, org.springframework.security.web.authentication.logout.LogoutFilter@3dd1dc90, org.springframework.security.web.authentication.UsernamePasswordAuthenticationFilter@7b8233cd, org.springframework.security.web.authentication.ui.DefaultLoginPageGeneratingFilter@320de594, io.oasp.module.security.common.impl.rest.JsonUsernamePasswordAuthenticationFilter@25b2cfcb, org.springframework.security.web.savedrequest.RequestCacheAwareFilter@5e81e5ac, org.springframework.security.web.servletapi.SecurityContextHolderAwareRequestFilter@3e7634b9, org.springframework.security.web.authentication.AnonymousAuthenticationFilter@72758afa, org.springframework.security.web.session.SessionManagementFilter@5a7005d, org.springframework.security.web.access.ExceptionTranslationFilter@3e10dc6, org.springframework.security.web.access.intercept.FilterSecurityInterceptor@3b7ff809]]
[D: 2018-04-12 12:17:29,200] [P: INFO ] [C: ] [T: main] [L: org.springframework.security.web.DefaultSecurityFilterChain] - [M: Creating filter chain: org.springframework.boot.actuate.autoconfigure.ManagementWebSecurityAutoConfiguration$LazyEndpointPathRequestMatcher@5c8eee0f, [org.springframework.security.web.context.request.async.WebAsyncManagerIntegrationFilter@565b064f, org.springframework.security.web.context.SecurityContextPersistenceFilter@6eeade6c, org.springframework.security.web.header.HeaderWriterFilter@60641ec8, org.springframework.security.web.authentication.logout.LogoutFilter@4d18aa28, org.springframework.security.web.authentication.www.BasicAuthenticationFilter@52045dbe, org.springframework.security.web.savedrequest.RequestCacheAwareFilter@4a891c97, org.springframework.security.web.servletapi.SecurityContextHolderAwareRequestFilter@a5bd950, org.springframework.security.web.authentication.AnonymousAuthenticationFilter@26425897, org.springframework.security.web.session.SessionManagementFilter@75f65e45, org.springframework.security.web.access.ExceptionTranslationFilter@3382f8ae, org.springframework.security.web.access.intercept.FilterSecurityInterceptor@6cfcd46d]]
[D: 2018-04-12 12:17:29,607] [P: INFO ] [C: ] [T: main] [L: org.springframework.web.servlet.mvc.method.annotation.RequestMappingHandlerAdapter] - [M: Looking for @ControllerAdvice: org.springframework.boot.context.embedded.AnnotationConfigEmbeddedWebApplicationContext@4bf558aa: startup date [Thu Apr 12 12:17:11 IST 2018]; root of context hierarchy]
[D: 2018-04-12 12:17:30,091] [P: INFO ] [C: ] [T: main] [L: org.springframework.web.servlet.mvc.method.annotation.RequestMappingHandlerMapping] - [M: Mapped "{[/login**],methods=[GET]}" onto public org.springframework.web.servlet.ModelAndView sampleapp629.app629.general.service.impl.LoginController.login(boolean,boolean,boolean,boolean)]
[D: 2018-04-12 12:17:30,122] [P: INFO ] [C: ] [T: main] [L: org.springframework.web.servlet.mvc.method.annotation.RequestMappingHandlerMapping] - [M: Mapped "{[/error]}" onto public org.springframework.http.ResponseEntity<java.util.Map<java.lang.String, java.lang.Object>> org.springframework.boot.autoconfigure.web.BasicErrorController.error(javax.servlet.http.HttpServletRequest)]
[D: 2018-04-12 12:17:30,138] [P: INFO ] [C: ] [T: main] [L: org.springframework.web.servlet.mvc.method.annotation.RequestMappingHandlerMapping] - [M: Mapped "{[/error],produces=[text/html]}" onto public org.springframework.web.servlet.ModelAndView org.springframework.boot.autoconfigure.web.BasicErrorController.errorHtml(javax.servlet.http.HttpServletRequest,javax.servlet.http.HttpServletResponse)]
[D: 2018-04-12 12:17:30,247] [P: INFO ] [C: ] [T: main] [L: org.springframework.web.servlet.handler.SimpleUrlHandlerMapping] - [M: Mapped URL path [/webjars/**] onto handler of type [class org.springframework.web.servlet.resource.ResourceHttpRequestHandler]]
[D: 2018-04-12 12:17:30,247] [P: INFO ] [C: ] [T: main] [L: org.springframework.web.servlet.handler.SimpleUrlHandlerMapping] - [M: Mapped URL path [/**] onto handler of type [class org.springframework.web.servlet.resource.ResourceHttpRequestHandler]]
[D: 2018-04-12 12:17:30,419] [P: INFO ] [C: ] [T: main] [L: org.springframework.web.servlet.handler.SimpleUrlHandlerMapping] - [M: Mapped URL path [/**/favicon.ico] onto handler of type [class org.springframework.web.servlet.resource.ResourceHttpRequestHandler]]
[D: 2018-04-12 12:17:30,529] [P: INFO ] [C: ] [T: main] [L: org.springframework.boot.autoconfigure.web.WebMvcAutoConfiguration$WelcomePageHandlerMapping] - [M: Adding welcome page: class path resource [static/index.html]]
[D: 2018-04-12 12:17:30,914] [P: DEBUG] [C: ] [T: main] [L: org.apache.cxf.configuration.spring.ConfigurerImpl] - [M: Could not determine bean name for instance of class org.apache.cxf.binding.soap.SoapBindingFactory.]
[D: 2018-04-12 12:17:30,914] [P: DEBUG] [C: ] [T: main] [L: org.apache.cxf.configuration.spring.ConfigurerImpl] - [M: Could not determine bean name for instance of class org.apache.cxf.binding.xml.XMLBindingFactory.]
[D: 2018-04-12 12:17:31,008] [P: DEBUG] [C: ] [T: main] [L: org.apache.cxf.jaxrs.utils.ResourceUtils] - [M: sampleapp629.app629.general.service.impl.rest.SecurityRestServiceImpl#setCsrfTokenRepository method is not a valid JAX-RS method as it has no Path and HttpMethod annotations]
[D: 2018-04-12 12:17:31,008] [P: DEBUG] [C: ] [T: main] [L: org.apache.cxf.jaxrs.utils.ResourceUtils] - [M: java.lang.Object#wait method is not a valid JAX-RS method as it has no Path and HttpMethod annotations]
[D: 2018-04-12 12:17:31,024] [P: DEBUG] [C: ] [T: main] [L: org.apache.cxf.jaxrs.utils.ResourceUtils] - [M: java.lang.Object#wait method is not a valid JAX-RS method as it has no Path and HttpMethod annotations]
[D: 2018-04-12 12:17:31,024] [P: DEBUG] [C: ] [T: main] [L: org.apache.cxf.jaxrs.utils.ResourceUtils] - [M: java.lang.Object#wait method is not a valid JAX-RS method as it has no Path and HttpMethod annotations]
[D: 2018-04-12 12:17:31,024] [P: DEBUG] [C: ] [T: main] [L: org.apache.cxf.jaxrs.utils.ResourceUtils] - [M: java.lang.Object#equals method is not a valid JAX-RS method as it has no Path and HttpMethod annotations]
[D: 2018-04-12 12:17:31,024] [P: DEBUG] [C: ] [T: main] [L: org.apache.cxf.jaxrs.utils.ResourceUtils] - [M: java.lang.Object#toString method is not a valid JAX-RS method as it has no Path and HttpMethod annotations]
[D: 2018-04-12 12:17:31,024] [P: DEBUG] [C: ] [T: main] [L: org.apache.cxf.jaxrs.utils.ResourceUtils] - [M: java.lang.Object#hashCode method is not a valid JAX-RS method as it has no Path and HttpMethod annotations]
[D: 2018-04-12 12:17:31,024] [P: DEBUG] [C: ] [T: main] [L: org.apache.cxf.jaxrs.utils.ResourceUtils] - [M: java.lang.Object#getClass method is not a valid JAX-RS method as it has no Path and HttpMethod annotations]
[D: 2018-04-12 12:17:31,024] [P: DEBUG] [C: ] [T: main] [L: org.apache.cxf.jaxrs.utils.ResourceUtils] - [M: java.lang.Object#notify method is not a valid JAX-RS method as it has no Path and HttpMethod annotations]
[D: 2018-04-12 12:17:31,024] [P: DEBUG] [C: ] [T: main] [L: org.apache.cxf.jaxrs.utils.ResourceUtils] - [M: java.lang.Object#notifyAll method is not a valid JAX-RS method as it has no Path and HttpMethod annotations]
[D: 2018-04-12 12:17:31,086] [P: DEBUG] [C: ] [T: main] [L: org.apache.cxf.configuration.spring.ConfigurerImpl] - [M: Could not determine bean name for instance of class org.apache.cxf.transport.http.HTTPTransportFactory.]
[D: 2018-04-12 12:17:31,086] [P: DEBUG] [C: ] [T: main] [L: org.apache.cxf.configuration.spring.ConfigurerImpl] - [M: Could not determine bean name for instance of class org.apache.cxf.binding.soap.SoapTransportFactory.]
[D: 2018-04-12 12:17:31,211] [P: DEBUG] [C: ] [T: main] [L: org.apache.cxf.configuration.spring.ConfigurerImpl] - [M: Could not find a definition for bean with id {http://rest.impl.service.general.app629.sampleapp629/}SecurityRestServiceImpl.http-destination - no injection will be performed.]
[D: 2018-04-12 12:17:31,211] [P: INFO ] [C: ] [T: main] [L: org.apache.cxf.endpoint.ServerImpl] - [M: Setting the server's publish address to be /rest]
[D: 2018-04-12 12:17:31,211] [P: DEBUG] [C: ] [T: main] [L: org.apache.cxf.configuration.spring.ConfigurerImpl] - [M: Could not determine bean name for instance of class org.apache.cxf.bus.managers.ServerLifeCycleManagerImpl.]
[D: 2018-04-12 12:17:31,352] [P: DEBUG] [C: ] [T: main] [L: org.apache.cxf.jaxrs.model.AbstractResourceInfo] - [M: Injecting a custom context org.apache.cxf.jaxrs.ext.MessageContext, ContextProvider is required for this type]
[D: 2018-04-12 12:17:31,368] [P: DEBUG] [C: ] [T: main] [L: org.apache.cxf.jaxrs.model.AbstractResourceInfo] - [M: Injecting a custom context org.apache.cxf.jaxrs.ext.MessageContext, ContextProvider is required for this type]
[D: 2018-04-12 12:17:31,368] [P: DEBUG] [C: ] [T: main] [L: org.apache.cxf.jaxrs.model.AbstractResourceInfo] - [M: Injecting a custom context org.apache.cxf.jaxrs.ext.MessageContext, ContextProvider is required for this type]
[D: 2018-04-12 12:17:31,368] [P: DEBUG] [C: ] [T: main] [L: org.apache.cxf.jaxrs.model.AbstractResourceInfo] - [M: Injecting a custom context org.apache.cxf.jaxrs.ext.MessageContext, ContextProvider is required for this type]
[D: 2018-04-12 12:17:31,368] [P: DEBUG] [C: ] [T: main] [L: org.apache.cxf.jaxrs.model.AbstractResourceInfo] - [M: Injecting a custom context org.apache.cxf.jaxrs.ext.MessageContext, ContextProvider is required for this type]
[D: 2018-04-12 12:17:31,368] [P: DEBUG] [C: ] [T: main] [L: org.apache.cxf.jaxrs.model.AbstractResourceInfo] - [M: Injecting a custom context org.apache.cxf.jaxrs.ext.MessageContext, ContextProvider is required for this type]
[D: 2018-04-12 12:17:31,414] [P: DEBUG] [C: ] [T: main] [L: org.apache.cxf.jaxrs.provider.ProviderFactory] - [M: Problem with creating the default provider org.apache.cxf.jaxrs.provider.json.JSONProvider: org.apache.cxf.jaxrs.provider.json.JSONProvider]
[D: 2018-04-12 12:17:31,477] [P: DEBUG] [C: ] [T: main] [L: org.apache.cxf.endpoint.ServerImpl] - [M: Server is starting.]
[D: 2018-04-12 12:17:31,477] [P: DEBUG] [C: ] [T: main] [L: org.apache.cxf.transport.servlet.ServletDestination] - [M: registering incoming observer: org.apache.cxf.transport.ChainInitiationObserver@533377b]
[D: 2018-04-12 12:17:31,477] [P: DEBUG] [C: ] [T: main] [L: org.apache.cxf.endpoint.ServerImpl] - [M: register the server to serverRegistry ]
[D: 2018-04-12 12:17:31,664] [P: INFO ] [C: ] [T: main] [L: io.oasp.module.cxf.common.impl.server.soap.CxfServerSoapAutoConfiguration] - [M: No SOAP Services have been found. SOAP Endpoint will not be enabled in CXF.]
[D: 2018-04-12 12:17:32,747] [P: INFO ] [C: ] [T: main] [L: org.springframework.boot.actuate.endpoint.mvc.EndpointHandlerMapping] - [M: Mapped "{[/loggers/{name:.*}],methods=[GET],produces=[application/vnd.spring-boot.actuator.v1+json  |  |  application/json]}" onto public java.lang.Object org.springframework.boot.actuate.endpoint.mvc.LoggersMvcEndpoint.get(java.lang.String)]
[D: 2018-04-12 12:17:32,747] [P: INFO ] [C: ] [T: main] [L: org.springframework.boot.actuate.endpoint.mvc.EndpointHandlerMapping] - [M: Mapped "{[/loggers/{name:.*}],methods=[POST],consumes=[application/vnd.spring-boot.actuator.v1+json  |  |  application/json],produces=[application/vnd.spring-boot.actuator.v1+json  |  |  application/json]}" onto public java.lang.Object org.springframework.boot.actuate.endpoint.mvc.LoggersMvcEndpoint.set(java.lang.String,java.util.Map<java.lang.String, java.lang.String>)]
[D: 2018-04-12 12:17:32,747] [P: INFO ] [C: ] [T: main] [L: org.springframework.boot.actuate.endpoint.mvc.EndpointHandlerMapping] - [M: Mapped "{[/loggers  |  |  /loggers.json],methods=[GET],produces=[application/vnd.spring-boot.actuator.v1+json  |  |  application/json]}" onto public java.lang.Object org.springframework.boot.actuate.endpoint.mvc.EndpointMvcAdapter.invoke()]
[D: 2018-04-12 12:17:32,763] [P: INFO ] [C: ] [T: main] [L: org.springframework.boot.actuate.endpoint.mvc.EndpointHandlerMapping] - [M: Mapped "{[/beans  |  |  /beans.json],methods=[GET],produces=[application/vnd.spring-boot.actuator.v1+json  |  |  application/json]}" onto public java.lang.Object org.springframework.boot.actuate.endpoint.mvc.EndpointMvcAdapter.invoke()]
[D: 2018-04-12 12:17:32,763] [P: INFO ] [C: ] [T: main] [L: org.springframework.boot.actuate.endpoint.mvc.EndpointHandlerMapping] - [M: Mapped "{[/info  |  |  /info.json],methods=[GET],produces=[application/vnd.spring-boot.actuator.v1+json  |  |  application/json]}" onto public java.lang.Object org.springframework.boot.actuate.endpoint.mvc.EndpointMvcAdapter.invoke()]
[D: 2018-04-12 12:17:32,763] [P: INFO ] [C: ] [T: main] [L: org.springframework.boot.actuate.endpoint.mvc.EndpointHandlerMapping] - [M: Mapped "{[/dump  |  |  /dump.json],methods=[GET],produces=[application/vnd.spring-boot.actuator.v1+json  |  |  application/json]}" onto public java.lang.Object org.springframework.boot.actuate.endpoint.mvc.EndpointMvcAdapter.invoke()]
[D: 2018-04-12 12:17:32,763] [P: INFO ] [C: ] [T: main] [L: org.springframework.boot.actuate.endpoint.mvc.EndpointHandlerMapping] - [M: Mapped "{[/metrics/{name:.*}],methods=[GET],produces=[application/vnd.spring-boot.actuator.v1+json  |  |  application/json]}" onto public java.lang.Object org.springframework.boot.actuate.endpoint.mvc.MetricsMvcEndpoint.value(java.lang.String)]
[D: 2018-04-12 12:17:32,763] [P: INFO ] [C: ] [T: main] [L: org.springframework.boot.actuate.endpoint.mvc.EndpointHandlerMapping] - [M: Mapped "{[/metrics  |  |  /metrics.json],methods=[GET],produces=[application/vnd.spring-boot.actuator.v1+json  |  |  application/json]}" onto public java.lang.Object org.springframework.boot.actuate.endpoint.mvc.EndpointMvcAdapter.invoke()]
[D: 2018-04-12 12:17:32,779] [P: INFO ] [C: ] [T: main] [L: org.springframework.boot.actuate.endpoint.mvc.EndpointHandlerMapping] - [M: Mapped "{[/env/{name:.*}],methods=[GET],produces=[application/vnd.spring-boot.actuator.v1+json  |  |  application/json]}" onto public java.lang.Object org.springframework.boot.actuate.endpoint.mvc.EnvironmentMvcEndpoint.value(java.lang.String)]
[D: 2018-04-12 12:17:32,779] [P: INFO ] [C: ] [T: main] [L: org.springframework.boot.actuate.endpoint.mvc.EndpointHandlerMapping] - [M: Mapped "{[/env  |  |  /env.json],methods=[GET],produces=[application/vnd.spring-boot.actuator.v1+json  |  |  application/json]}" onto public java.lang.Object org.springframework.boot.actuate.endpoint.mvc.EndpointMvcAdapter.invoke()]
[D: 2018-04-12 12:17:32,779] [P: INFO ] [C: ] [T: main] [L: org.springframework.boot.actuate.endpoint.mvc.EndpointHandlerMapping] - [M: Mapped "{[/flyway  |  |  /flyway.json],methods=[GET],produces=[application/vnd.spring-boot.actuator.v1+json  |  |  application/json]}" onto public java.lang.Object org.springframework.boot.actuate.endpoint.mvc.EndpointMvcAdapter.invoke()]
[D: 2018-04-12 12:17:32,779] [P: INFO ] [C: ] [T: main] [L: org.springframework.boot.actuate.endpoint.mvc.EndpointHandlerMapping] - [M: Mapped "{[/health  |  |  /health.json],methods=[GET],produces=[application/vnd.spring-boot.actuator.v1+json  |  |  application/json]}" onto public java.lang.Object org.springframework.boot.actuate.endpoint.mvc.HealthMvcEndpoint.invoke(javax.servlet.http.HttpServletRequest,java.security.Principal)]
[D: 2018-04-12 12:17:32,794] [P: INFO ] [C: ] [T: main] [L: org.springframework.boot.actuate.endpoint.mvc.EndpointHandlerMapping] - [M: Mapped "{[/trace  |  |  /trace.json],methods=[GET],produces=[application/vnd.spring-boot.actuator.v1+json  |  |  application/json]}" onto public java.lang.Object org.springframework.boot.actuate.endpoint.mvc.EndpointMvcAdapter.invoke()]
[D: 2018-04-12 12:17:32,794] [P: INFO ] [C: ] [T: main] [L: org.springframework.boot.actuate.endpoint.mvc.EndpointHandlerMapping] - [M: Mapped "{[/mappings  |  |  /mappings.json],methods=[GET],produces=[application/vnd.spring-boot.actuator.v1+json  |  |  application/json]}" onto public java.lang.Object org.springframework.boot.actuate.endpoint.mvc.EndpointMvcAdapter.invoke()]
[D: 2018-04-12 12:17:32,794] [P: INFO ] [C: ] [T: main] [L: org.springframework.boot.actuate.endpoint.mvc.EndpointHandlerMapping] - [M: Mapped "{[/autoconfig  |  |  /autoconfig.json],methods=[GET],produces=[application/vnd.spring-boot.actuator.v1+json  |  |  application/json]}" onto public java.lang.Object org.springframework.boot.actuate.endpoint.mvc.EndpointMvcAdapter.invoke()]
[D: 2018-04-12 12:17:32,794] [P: INFO ] [C: ] [T: main] [L: org.springframework.boot.actuate.endpoint.mvc.EndpointHandlerMapping] - [M: Mapped "{[/heapdump  |  |  /heapdump.json],methods=[GET],produces=[application/octet-stream]}" onto public void org.springframework.boot.actuate.endpoint.mvc.HeapdumpMvcEndpoint.invoke(boolean,javax.servlet.http.HttpServletRequest,javax.servlet.http.HttpServletResponse) throws java.io.IOException,javax.servlet.ServletException]
[D: 2018-04-12 12:17:32,794] [P: INFO ] [C: ] [T: main] [L: org.springframework.boot.actuate.endpoint.mvc.EndpointHandlerMapping] - [M: Mapped "{[/auditevents  |  |  /auditevents.json],methods=[GET],produces=[application/vnd.spring-boot.actuator.v1+json  |  |  application/json]}" onto public org.springframework.http.ResponseEntity<?> org.springframework.boot.actuate.endpoint.mvc.AuditEventsMvcEndpoint.findByPrincipalAndAfterAndType(java.lang.String,java.util.Date,java.lang.String)]
[D: 2018-04-12 12:17:32,810] [P: INFO ] [C: ] [T: main] [L: org.springframework.boot.actuate.endpoint.mvc.EndpointHandlerMapping] - [M: Mapped "{[/configprops  |  |  /configprops.json],methods=[GET],produces=[application/vnd.spring-boot.actuator.v1+json  |  |  application/json]}" onto public java.lang.Object org.springframework.boot.actuate.endpoint.mvc.EndpointMvcAdapter.invoke()]
[D: 2018-04-12 12:17:33,275] [P: INFO ] [C: ] [T: main] [L: org.springframework.jmx.export.annotation.AnnotationMBeanExporter] - [M: Registering beans for JMX exposure on startup]
[D: 2018-04-12 12:17:33,307] [P: INFO ] [C: ] [T: main] [L: org.springframework.boot.actuate.endpoint.jmx.EndpointMBeanExporter] - [M: Registering beans for JMX exposure on startup]
[D: 2018-04-12 12:17:33,322] [P: INFO ] [C: ] [T: main] [L: org.springframework.context.support.DefaultLifecycleProcessor] - [M: Starting beans in phase 0]
[D: 2018-04-12 12:17:33,322] [P: INFO ] [C: ] [T: main] [L: org.springframework.boot.actuate.endpoint.jmx.EndpointMBeanExporter] - [M: Located managed bean 'auditEventsEndpoint': registering with JMX server as MBean [org.springframework.boot:type=Endpoint,name=auditEventsEndpoint]]
[D: 2018-04-12 12:17:33,385] [P: INFO ] [C: ] [T: main] [L: org.springframework.boot.actuate.endpoint.jmx.EndpointMBeanExporter] - [M: Located managed bean 'requestMappingEndpoint': registering with JMX server as MBean [org.springframework.boot:type=Endpoint,name=requestMappingEndpoint]]
[D: 2018-04-12 12:17:33,432] [P: INFO ] [C: ] [T: main] [L: org.springframework.boot.actuate.endpoint.jmx.EndpointMBeanExporter] - [M: Located managed bean 'flywayEndpoint': registering with JMX server as MBean [org.springframework.boot:type=Endpoint,name=flywayEndpoint]]
[D: 2018-04-12 12:17:33,447] [P: INFO ] [C: ] [T: main] [L: org.springframework.boot.actuate.endpoint.jmx.EndpointMBeanExporter] - [M: Located managed bean 'environmentEndpoint': registering with JMX server as MBean [org.springframework.boot:type=Endpoint,name=environmentEndpoint]]
[D: 2018-04-12 12:17:33,463] [P: INFO ] [C: ] [T: main] [L: org.springframework.boot.actuate.endpoint.jmx.EndpointMBeanExporter] - [M: Located managed bean 'healthEndpoint': registering with JMX server as MBean [org.springframework.boot:type=Endpoint,name=healthEndpoint]]
[D: 2018-04-12 12:17:33,478] [P: INFO ] [C: ] [T: main] [L: org.springframework.boot.actuate.endpoint.jmx.EndpointMBeanExporter] - [M: Located managed bean 'beansEndpoint': registering with JMX server as MBean [org.springframework.boot:type=Endpoint,name=beansEndpoint]]
[D: 2018-04-12 12:17:33,478] [P: INFO ] [C: ] [T: main] [L: org.springframework.boot.actuate.endpoint.jmx.EndpointMBeanExporter] - [M: Located managed bean 'infoEndpoint': registering with JMX server as MBean [org.springframework.boot:type=Endpoint,name=infoEndpoint]]
[D: 2018-04-12 12:17:33,494] [P: INFO ] [C: ] [T: main] [L: org.springframework.boot.actuate.endpoint.jmx.EndpointMBeanExporter] - [M: Located managed bean 'loggersEndpoint': registering with JMX server as MBean [org.springframework.boot:type=Endpoint,name=loggersEndpoint]]
[D: 2018-04-12 12:17:33,510] [P: INFO ] [C: ] [T: main] [L: org.springframework.boot.actuate.endpoint.jmx.EndpointMBeanExporter] - [M: Located managed bean 'metricsEndpoint': registering with JMX server as MBean [org.springframework.boot:type=Endpoint,name=metricsEndpoint]]
[D: 2018-04-12 12:17:33,525] [P: INFO ] [C: ] [T: main] [L: org.springframework.boot.actuate.endpoint.jmx.EndpointMBeanExporter] - [M: Located managed bean 'traceEndpoint': registering with JMX server as MBean [org.springframework.boot:type=Endpoint,name=traceEndpoint]]
[D: 2018-04-12 12:17:33,525] [P: INFO ] [C: ] [T: main] [L: org.springframework.boot.actuate.endpoint.jmx.EndpointMBeanExporter] - [M: Located managed bean 'dumpEndpoint': registering with JMX server as MBean [org.springframework.boot:type=Endpoint,name=dumpEndpoint]]
[D: 2018-04-12 12:17:33,525] [P: INFO ] [C: ] [T: main] [L: org.springframework.boot.actuate.endpoint.jmx.EndpointMBeanExporter] - [M: Located managed bean 'autoConfigurationReportEndpoint': registering with JMX server as MBean [org.springframework.boot:type=Endpoint,name=autoConfigurationReportEndpoint]]
[D: 2018-04-12 12:17:33,525] [P: INFO ] [C: ] [T: main] [L: org.springframework.boot.actuate.endpoint.jmx.EndpointMBeanExporter] - [M: Located managed bean 'configurationPropertiesReportEndpoint': registering with JMX server as MBean [org.springframework.boot:type=Endpoint,name=configurationPropertiesReportEndpoint]]
[D: 2018-04-12 12:17:33,588] [P: INFO ] [C: ] [T: main] [L: org.apache.coyote.http11.Http11NioProtocol] - [M: Initializing ProtocolHandler ["http-nio-8080"]]
[D: 2018-04-12 12:17:33,635] [P: INFO ] [C: ] [T: main] [L: org.apache.coyote.http11.Http11NioProtocol] - [M: Starting ProtocolHandler ["http-nio-8080"]]
[D: 2018-04-12 12:17:33,963] [P: INFO ] [C: ] [T: main] [L: org.apache.tomcat.util.net.NioSelectorPool] - [M: Using a shared selector for servlet write/read]
[D: 2018-04-12 12:17:34,080] [P: INFO ] [C: ] [T: main] [L: org.springframework.boot.context.embedded.tomcat.TomcatEmbeddedServletContainer] - [M: Tomcat started on port(s): 8080 (http)]
[D: 2018-04-12 12:17:34,150] [P: INFO ] [C: ] [T: main] [L: sampleapp629.app629.SpringBootApp] - [M: Started SpringBootApp in 23.685 seconds (JVM running for 25.938)]
[D: 2018-04-12 12:18:20,594] [P: INFO ] [C: ] [T: http-nio-8080-exec-10] [L: org.apache.catalina.core.ContainerBase.[Tomcat].[localhost].[/]] - [M: Initializing Spring FrameworkServlet 'dispatcherServlet']
[D: 2018-04-12 12:18:20,595] [P: INFO ] [C: ] [T: http-nio-8080-exec-10] [L: org.springframework.web.servlet.DispatcherServlet] - [M: FrameworkServlet 'dispatcherServlet': initialization started]
[D: 2018-04-12 12:18:20,642] [P: INFO ] [C: ] [T: http-nio-8080-exec-10] [L: org.springframework.web.servlet.DispatcherServlet] - [M: FrameworkServlet 'dispatcherServlet': initialization completed in 46 ms]
[D: 2018-04-12 12:18:31,297] [P: WARN ] [C: ] [T: http-nio-8080-exec-5] [L: sampleapp629.app629.general.common.impl.security.BaseUserDetailsService] - [M: Undefined access control waiter.]
[D: 2018-04-12 12:18:31,386] [P: INFO ] [C: ] [T: http-nio-8080-exec-4] [L: io.oasp.module.logging.common.impl.PerformanceLogFilter] - [M: http://localhost:8080/index.html;32;200;;]
[D: 2018-04-12 12:18:31,389] [P: INFO ] [C: ] [T: http-nio-8080-exec-4] [L: io.oasp.module.logging.common.impl.PerformanceLogFilter] - [M: http://localhost:8080/;72;200;;]
[D: 2018-04-12 12:18:31,466] [P: INFO ] [C: ] [T: http-nio-8080-exec-6] [L: io.oasp.module.logging.common.impl.PerformanceLogFilter] - [M: http://localhost:8080/favicon.ico;41;200;;]
[D: 2018-04-12 12:18:37,267] [P: INFO ] [C: ] [T: Thread-5] [L: org.springframework.boot.context.embedded.AnnotationConfigEmbeddedWebApplicationContext] - [M: Closing org.springframework.boot.context.embedded.AnnotationConfigEmbeddedWebApplicationContext@4bf558aa: startup date [Thu Apr 12 12:17:11 IST 2018]; root of context hierarchy]
[D: 2018-04-12 12:18:37,267] [P: DEBUG] [C: ] [T: Thread-5] [L: org.apache.cxf.endpoint.ServerImpl] - [M: Server is stopping.]
[D: 2018-04-12 12:18:37,267] [P: DEBUG] [C: ] [T: Thread-5] [L: org.apache.cxf.transport.servlet.ServletDestination] - [M: unregistering incoming observer: org.apache.cxf.transport.ChainInitiationObserver@533377b]
[D: 2018-04-12 12:18:37,267] [P: DEBUG] [C: ] [T: Thread-5] [L: org.apache.cxf.endpoint.ServerImpl] - [M: unregister the server to serverRegistry ]
[D: 2018-04-12 12:18:37,283] [P: INFO ] [C: ] [T: Thread-5] [L: org.springframework.context.support.DefaultLifecycleProcessor] - [M: Stopping beans in phase 0]
[D: 2018-04-12 12:18:37,298] [P: INFO ] [C: ] [T: Thread-5] [L: org.springframework.boot.actuate.endpoint.jmx.EndpointMBeanExporter] - [M: Unregistering JMX-exposed beans on shutdown]
[D: 2018-04-12 12:18:37,298] [P: INFO ] [C: ] [T: Thread-5] [L: org.springframework.boot.actuate.endpoint.jmx.EndpointMBeanExporter] - [M: Unregistering JMX-exposed beans]
[D: 2018-04-12 12:18:37,298] [P: INFO ] [C: ] [T: Thread-5] [L: org.springframework.jmx.export.annotation.AnnotationMBeanExporter] - [M: Unregistering JMX-exposed beans on shutdown]
[D: 2018-04-12 12:18:37,314] [P: INFO ] [C: ] [T: Thread-5] [L: org.springframework.orm.jpa.LocalContainerEntityManagerFactoryBean] - [M: Closing JPA EntityManagerFactory for persistence unit 'default']
[D: 2018-04-12 12:26:53,233] [P: INFO ] [C: ] [T: main] [L: sampleapp629.app629.SpringBootApp] - [M: Starting SpringBootApp on LIN22002397 with PID 7932 (D:\Devcon_release\2.3.1\Devon-dist_2.3.1\workspaces\main\app629\server\target\app629-server-bootified.jar started by vapadwal in D:\Devcon_release\2.3.1\Devon-dist_2.3.1\workspaces\main\app629\server\target)]
[D: 2018-04-12 12:26:53,249] [P: DEBUG] [C: ] [T: main] [L: sampleapp629.app629.SpringBootApp] - [M: Running with Spring Boot v1.5.3.RELEASE, Spring v4.3.8.RELEASE]
[D: 2018-04-12 12:26:53,249] [P: INFO ] [C: ] [T: main] [L: sampleapp629.app629.SpringBootApp] - [M: No active profile set, falling back to default profiles: default]
[D: 2018-04-12 12:26:53,421] [P: INFO ] [C: ] [T: main] [L: org.springframework.boot.context.embedded.AnnotationConfigEmbeddedWebApplicationContext] - [M: Refreshing org.springframework.boot.context.embedded.AnnotationConfigEmbeddedWebApplicationContext@4bf558aa: startup date [Thu Apr 12 12:26:53 IST 2018]; root of context hierarchy]
[D: 2018-04-12 12:26:53,979] [P: DEBUG] [C: ] [T: background-preinit] [L: org.jboss.logging] - [M: Logging Provider: org.jboss.logging.Slf4jLoggerProvider found via system property]
[D: 2018-04-12 12:26:53,994] [P: INFO ] [C: ] [T: background-preinit] [L: org.hibernate.validator.internal.util.Version] - [M: HV000001: Hibernate Validator 5.3.5.Final]
